
> front@0.1.0 build
> next build

   ▲ Next.js 15.3.0
   - Environments: .env

   Creating an optimized production build ...
 ✓ Compiled successfully in 8.0s
   Linting and checking validity of types ...
   Collecting page data ...
   Generating static pages (0/10) ...
   Generating static pages (2/10) 
   Generating static pages (4/10) 
   Generating static pages (7/10) 
 ✓ Generating static pages (10/10)
   Finalizing page optimization ...
   Collecting build traces ...

Route (app)                                 Size  First Load JS
┌ ƒ /                                    38.1 kB         148 kB
├ ƒ /_not-found                            975 B         102 kB
├ ƒ /auth/signin                         2.65 kB         116 kB
├ ƒ /auth/signup                         2.72 kB         116 kB
├ ƒ /blog/[id]                           20.2 kB         160 kB
├ ƒ /routeApi/auth/signout                 150 B         102 kB
├ ƒ /user/create-post                      390 B         129 kB
├ ƒ /user/posts                            183 B         110 kB
├ ƒ /user/posts/(.)[id]/delete           5.18 kB         124 kB
├ ƒ /user/posts/[id]/delete              1.39 kB         115 kB
└ ƒ /user/posts/[id]/update                512 B         129 kB
+ First Load JS shared by all             101 kB
  ├ chunks/315-42f69bd8a61eb772.js       46.3 kB
  ├ chunks/87c73c54-4fd2874d1ec6f2be.js  53.2 kB
  └ other shared chunks (total)          1.99 kB


ƒ Middleware                             44.5 kB

ƒ  (Dynamic)  server-rendered on demand

